00:00:00.037075 VirtualBox DHCP Server 7.0.4 r154605 win.amd64 (Nov 16 2022 15:32:42) release log
00:00:00.037077 Log opened 2023-03-14T22:46:25.852367500Z
00:00:00.037078 Build Type: release
00:00:00.037082 OS Product: Windows 10
00:00:00.037083 OS Release: 10.0.19045
00:00:00.037083 OS Service Pack: 
00:00:00.295020 DMI Product Name: OptiPlex 7010
00:00:00.307576 DMI Product Version: 01
00:00:00.307588 Firmware type: BIOS
00:00:00.307618 Host RAM: 8146MB (7.9GB) total, 472MB available
00:00:00.307623 Executable: C:\Program Files\Oracle\VirtualBox\VBoxNetDHCP.exe
00:00:00.307624 Process ID: 13040
00:00:00.307624 Package type: WINDOWS_64BITS_GENERIC
00:00:00.307766 --config:  HostInterfaceNetworking-VirtualBox Host-Only Ethernet Adapter
00:00:00.307778 --comment: HostInterfaceNetworking-VirtualBox Host-Only Ethernet Adapter
00:00:00.571348 IP address:   192.168.56.100/24
00:00:00.571374 Address pool: 192.168.56.101 - 192.168.56.254
00:00:00.571484 MAC address is not specified: will use generated MAC 08:00:27:ae:b6:d9
00:00:00.571529 Db::i_enterFixedAddressAssignment: 08:00:27:ae:b6:d9: 192.168.56.100
00:00:00.571544 loading leases from C:\Users\Aluno\.VirtualBox\HostInterfaceNetworking-VirtualBox Host-Only Ethernet Adapter-Dhcpd.leases
00:00:00.572075 Runtime error opening 'C:\Users\Aluno\.VirtualBox\HostInterfaceNetworking-VirtualBox Host-Only Ethernet Adapter-Dhcpd.leases' for reading VERR_FILE_NOT_FOUND (File not found.)
00:00:00.749413 SUP: Opened VMMR0.r0 (C:\Program Files\Oracle\VirtualBox\VMMR0.r0) at 0xXXXXXXXXXXXXXXXX loaded by the native ring-0 loader.
00:00:00.749434 SUP: windbg> .reload /f C:\Program Files\Oracle\VirtualBox\VMMR0.r0=0xXXXXXXXXXXXXXXXX
00:00:02.531225 REQUEST xid 0xa50eae06 chaddr 08:00:27:b3:18:8f
00:00:02.531261  ciaddr 0.0.0.0
00:00:02.531270  client id: ff e2 34 3f 3e 00 02 00 00 ab 11 52 12 1e 75 67 29 57 a4
00:00:02.531277  requested address 10.0.2.15
00:00:02.531285  params { 1 3 6 12 15 26 33 42 119 120 121 }
00:00:02.531332   12: 'pcaluno'
00:00:02.531336   57: 02 40
00:00:02.531341 rejecting invalid requested address
00:00:02.531349 NAC xid 0xa50eae06 chaddr 08:00:27:b3:18:8f
00:00:02.531361  ciaddr 0.0.0.0
00:00:02.531369 encoded message: 548 bytes
00:00:02.531370 0000016a7e941f40/0000: 02 01 06 00 06 ae 0e a5-00 00 00 00 00 00 00 00 ................
00:00:02.531372 0000016a7e941f50/0010: 00 00 00 00 00 00 00 00-00 00 00 00 08 00 27 b3 ..............'.
00:00:02.531374 0000016a7e941f60/0020: 18 8f 00 00 00 00 00 00-00 00 00 00 00 00 00 00 ................
00:00:02.531376 0000016a7e941f70/0030: 00 00 00 00 00 00 00 00-00 00 00 00 00 00 00 00 ................
00:00:02.531378 0000016a7e941f80/0040: 00 00 00 00 00 00 00 00-00 00 00 00 00 00 00 00 ................
00:00:02.531379 0000016a7e941f90/0050: 00 00 00 00 00 00 00 00-00 00 00 00 00 00 00 00 ................
00:00:02.531381 0000016a7e941fa0/0060: 00 00 00 00 00 00 00 00-00 00 00 00 00 00 00 00 ................
00:00:02.531383 0000016a7e941fb0/0070: 00 00 00 00 00 00 00 00-00 00 00 00 00 00 00 00 ................
00:00:02.531384 0000016a7e941fc0/0080: 00 00 00 00 00 00 00 00-00 00 00 00 00 00 00 00 ................
00:00:02.531386 0000016a7e941fd0/0090: 00 00 00 00 00 00 00 00-00 00 00 00 00 00 00 00 ................
00:00:02.531388 0000016a7e941fe0/00a0: 00 00 00 00 00 00 00 00-00 00 00 00 00 00 00 00 ................
00:00:02.531389 0000016a7e941ff0/00b0: 00 00 00 00 00 00 00 00-00 00 00 00 00 00 00 00 ................
00:00:02.531391 0000016a7e942000/00c0: 00 00 00 00 00 00 00 00-00 00 00 00 00 00 00 00 ................
00:00:02.531393 0000016a7e942010/00d0: 00 00 00 00 00 00 00 00-00 00 00 00 00 00 00 00 ................
00:00:02.531394 0000016a7e942020/00e0: 00 00 00 00 00 00 00 00-00 00 00 00 63 82 53 63 ............c.Sc
00:00:02.531396 0000016a7e942030/00f0: 36 04 c0 a8 38 64 35 01-06 ff 00 00 00 00 00 00 6...8d5.........
00:00:02.531398 0000016a7e942040/0100: 00 00 00 00 00 00 00 00-00 00 00 00 00 00 00 00 ................
00:00:02.531400 0000016a7e942050/0110: 00 00 00 00 00 00 00 00-00 00 00 00 00 00 00 00 ................
00:00:02.531401 0000016a7e942060/0120: 00 00 00 00 00 00 00 00-00 00 00 00 00 00 00 00 ................
00:00:02.531403 0000016a7e942070/0130: 00 00 00 00 00 00 00 00-00 00 00 00 00 00 00 00 ................
00:00:02.531405 0000016a7e942080/0140: 00 00 00 00 00 00 00 00-00 00 00 00 00 00 00 00 ................
00:00:02.531407 0000016a7e942090/0150: 00 00 00 00 00 00 00 00-00 00 00 00 00 00 00 00 ................
00:00:02.531408 0000016a7e9420a0/0160: 00 00 00 00 00 00 00 00-00 00 00 00 00 00 00 00 ................
00:00:02.531410 0000016a7e9420b0/0170: 00 00 00 00 00 00 00 00-00 00 00 00 00 00 00 00 ................
00:00:02.531412 0000016a7e9420c0/0180: 00 00 00 00 00 00 00 00-00 00 00 00 00 00 00 00 ................
00:00:02.531413 0000016a7e9420d0/0190: 00 00 00 00 00 00 00 00-00 00 00 00 00 00 00 00 ................
00:00:02.531415 0000016a7e9420e0/01a0: 00 00 00 00 00 00 00 00-00 00 00 00 00 00 00 00 ................
00:00:02.531417 0000016a7e9420f0/01b0: 00 00 00 00 00 00 00 00-00 00 00 00 00 00 00 00 ................
00:00:02.531418 0000016a7e942100/01c0: 00 00 00 00 00 00 00 00-00 00 00 00 00 00 00 00 ................
00:00:02.531420 0000016a7e942110/01d0: 00 00 00 00 00 00 00 00-00 00 00 00 00 00 00 00 ................
00:00:02.531422 0000016a7e942120/01e0: 00 00 00 00 00 00 00 00-00 00 00 00 00 00 00 00 ................
00:00:02.531423 0000016a7e942130/01f0: 00 00 00 00 00 00 00 00-00 00 00 00 00 00 00 00 ................
00:00:02.531425 0000016a7e942140/0200: 00 00 00 00 00 00 00 00-00 00 00 00 00 00 00 00 ................
00:00:02.531427 0000016a7e942150/0210: 00 00 00 00 00 00 00 00-00 00 00 00 00 00 00 00 ................
00:00:02.531429 0000016a7e942160/0220: 00 00 00 00                                     ....
00:00:02.533694 DISCOVER xid 0xe2e17059 chaddr 08:00:27:b3:18:8f
00:00:02.533735  ciaddr 0.0.0.0
00:00:02.533745  client id: ff e2 34 3f 3e 00 02 00 00 ab 11 52 12 1e 75 67 29 57 a4
00:00:02.533752  requested address 10.0.2.15
00:00:02.533761  params { 1 3 6 12 15 26 33 42 119 120 121 }
00:00:02.533807   12: 'pcaluno'
00:00:02.533811   57: 02 40
00:00:02.533816 DISCOVER: ignoring invalid requested address
00:00:02.533842 > allocateAddress to client [ff:e2:34:3f:3e:00:02:00:00:ab:11:52:12:1e:75:67:29:57:a4] (08:00:27:b3:18:8f)
00:00:02.533854 > .... creating new binding
00:00:02.533858 > .... allocated 192.168.56.101 free
00:00:02.533864 Lease time 600 secs (default)
00:00:02.533885 >>> requested option 1 (SubnetMask)
00:00:02.533890 ... always supplied
00:00:02.533894 >>> requested option 3 (Routers)
00:00:02.533898 ... not found
00:00:02.533902 >>> requested option 6 (DNSes)
00:00:02.533906 ... not found
00:00:02.533909 >>> requested option 12 (HostName)
00:00:02.533913 ... not found
00:00:02.533917 >>> requested option 15 (DomainName)
00:00:02.533921 ... not found
00:00:02.533924 >>> requested option 26 (InterfaceMTU)
00:00:02.533928 ... not found
00:00:02.533932 >>> requested option 33 (StaticRoute)
00:00:02.533936 ... not found
00:00:02.533940 >>> requested option 42 (NTPServers)
00:00:02.533943 ... not found
00:00:02.533947 >>> requested option 119 (DomainSearch)
00:00:02.533951 ... not found
00:00:02.533955 >>> requested option 120 (unknown)
00:00:02.533959 ... not found
00:00:02.533962 >>> requested option 121 (unknown)
00:00:02.533966 ... not found
00:00:02.533972 encoding option 1 (SubnetMask)
00:00:02.533976 encoding option 51 (LeaseTime)
00:00:02.533981 OFFER xid 0xe2e17059 chaddr 08:00:27:b3:18:8f
00:00:02.533993  ciaddr 0.0.0.0 yiaddr 192.168.56.101
00:00:02.534004 encoded message: 548 bytes
00:00:02.534005 0000016a7e943980/0000: 02 01 06 00 59 70 e1 e2-00 00 00 00 00 00 00 00 ....Yp..........
00:00:02.534007 0000016a7e943990/0010: c0 a8 38 65 00 00 00 00-00 00 00 00 08 00 27 b3 ..8e..........'.
00:00:02.534009 0000016a7e9439a0/0020: 18 8f 00 00 00 00 00 00-00 00 00 00 00 00 00 00 ................
00:00:02.534011 0000016a7e9439b0/0030: 00 00 00 00 00 00 00 00-00 00 00 00 00 00 00 00 ................
00:00:02.534013 0000016a7e9439c0/0040: 00 00 00 00 00 00 00 00-00 00 00 00 00 00 00 00 ................
00:00:02.534014 0000016a7e9439d0/0050: 00 00 00 00 00 00 00 00-00 00 00 00 00 00 00 00 ................
00:00:02.534016 0000016a7e9439e0/0060: 00 00 00 00 00 00 00 00-00 00 00 00 00 00 00 00 ................
00:00:02.534018 0000016a7e9439f0/0070: 00 00 00 00 00 00 00 00-00 00 00 00 00 00 00 00 ................
00:00:02.534019 0000016a7e943a00/0080: 00 00 00 00 00 00 00 00-00 00 00 00 00 00 00 00 ................
00:00:02.534021 0000016a7e943a10/0090: 00 00 00 00 00 00 00 00-00 00 00 00 00 00 00 00 ................
00:00:02.534023 0000016a7e943a20/00a0: 00 00 00 00 00 00 00 00-00 00 00 00 00 00 00 00 ................
00:00:02.534025 0000016a7e943a30/00b0: 00 00 00 00 00 00 00 00-00 00 00 00 00 00 00 00 ................
00:00:02.534026 0000016a7e943a40/00c0: 00 00 00 00 00 00 00 00-00 00 00 00 00 00 00 00 ................
00:00:02.534028 0000016a7e943a50/00d0: 00 00 00 00 00 00 00 00-00 00 00 00 00 00 00 00 ................
00:00:02.534030 0000016a7e943a60/00e0: 00 00 00 00 00 00 00 00-00 00 00 00 63 82 53 63 ............c.Sc
00:00:02.534031 0000016a7e943a70/00f0: 36 04 c0 a8 38 64 35 01-02 01 04 ff ff ff 00 33 6...8d5........3
00:00:02.534033 0000016a7e943a80/0100: 04 00 00 02 58 ff 00 00-00 00 00 00 00 00 00 00 ....X...........
00:00:02.534035 0000016a7e943a90/0110: 00 00 00 00 00 00 00 00-00 00 00 00 00 00 00 00 ................
00:00:02.534037 0000016a7e943aa0/0120: 00 00 00 00 00 00 00 00-00 00 00 00 00 00 00 00 ................
00:00:02.534038 0000016a7e943ab0/0130: 00 00 00 00 00 00 00 00-00 00 00 00 00 00 00 00 ................
00:00:02.534040 0000016a7e943ac0/0140: 00 00 00 00 00 00 00 00-00 00 00 00 00 00 00 00 ................
00:00:02.534042 0000016a7e943ad0/0150: 00 00 00 00 00 00 00 00-00 00 00 00 00 00 00 00 ................
00:00:02.534043 0000016a7e943ae0/0160: 00 00 00 00 00 00 00 00-00 00 00 00 00 00 00 00 ................
00:00:02.534045 0000016a7e943af0/0170: 00 00 00 00 00 00 00 00-00 00 00 00 00 00 00 00 ................
00:00:02.534047 0000016a7e943b00/0180: 00 00 00 00 00 00 00 00-00 00 00 00 00 00 00 00 ................
00:00:02.534049 0000016a7e943b10/0190: 00 00 00 00 00 00 00 00-00 00 00 00 00 00 00 00 ................
00:00:02.534050 0000016a7e943b20/01a0: 00 00 00 00 00 00 00 00-00 00 00 00 00 00 00 00 ................
00:00:02.534052 0000016a7e943b30/01b0: 00 00 00 00 00 00 00 00-00 00 00 00 00 00 00 00 ................
00:00:02.534054 0000016a7e943b40/01c0: 00 00 00 00 00 00 00 00-00 00 00 00 00 00 00 00 ................
00:00:02.534055 0000016a7e943b50/01d0: 00 00 00 00 00 00 00 00-00 00 00 00 00 00 00 00 ................
00:00:02.534057 0000016a7e943b60/01e0: 00 00 00 00 00 00 00 00-00 00 00 00 00 00 00 00 ................
00:00:02.534059 0000016a7e943b70/01f0: 00 00 00 00 00 00 00 00-00 00 00 00 00 00 00 00 ................
00:00:02.534060 0000016a7e943b80/0200: 00 00 00 00 00 00 00 00-00 00 00 00 00 00 00 00 ................
00:00:02.534062 0000016a7e943b90/0210: 00 00 00 00 00 00 00 00-00 00 00 00 00 00 00 00 ................
00:00:02.534064 0000016a7e943ba0/0220: 00 00 00 00                                     ....
00:00:02.534918 REQUEST xid 0xe2e17059 chaddr 08:00:27:b3:18:8f
00:00:02.534951  ciaddr 0.0.0.0
00:00:02.534963  for server 192.168.56.100 client id: ff e2 34 3f 3e 00 02 00 00 ab 11 52 12 1e 75 67 29 57 a4
00:00:02.534975  requested address 192.168.56.101
00:00:02.534984  params { 1 3 6 12 15 26 33 42 119 120 121 }
00:00:02.535030   12: 'pcaluno'
00:00:02.535034   54: c0 a8 38 64
00:00:02.535038   57: 02 40
00:00:02.535043 > allocateAddress 192.168.56.101 to client [ff:e2:34:3f:3e:00:02:00:00:ab:11:52:12:1e:75:67:29:57:a4] (08:00:27:b3:18:8f)
00:00:02.535051 > ... found existing binding 192.168.56.101 to [ff:e2:34:3f:3e:00:02:00:00:ab:11:52:12:1e:75:67:29:57:a4] (08:00:27:b3:18:8f), offered, valid from 2023-03-14T22:46:28Z for 600s until 2023-03-14T22:56:28Z
00:00:02.535061 Lease time 600 secs (default)
00:00:02.535066 writing leases to C:\Users\Aluno\.VirtualBox\HostInterfaceNetworking-VirtualBox Host-Only Ethernet Adapter-Dhcpd.leases
00:00:02.538615 >>> requested option 1 (SubnetMask)
00:00:02.538644 ... always supplied
00:00:02.538650 >>> requested option 3 (Routers)
00:00:02.538655 ... not found
00:00:02.538659 >>> requested option 6 (DNSes)
00:00:02.538663 ... not found
00:00:02.538667 >>> requested option 12 (HostName)
00:00:02.538671 ... not found
00:00:02.538674 >>> requested option 15 (DomainName)
00:00:02.538678 ... not found
00:00:02.538682 >>> requested option 26 (InterfaceMTU)
00:00:02.538686 ... not found
00:00:02.538690 >>> requested option 33 (StaticRoute)
00:00:02.538694 ... not found
00:00:02.538698 >>> requested option 42 (NTPServers)
00:00:02.538701 ... not found
00:00:02.538705 >>> requested option 119 (DomainSearch)
00:00:02.538709 ... not found
00:00:02.538713 >>> requested option 120 (unknown)
00:00:02.538717 ... not found
00:00:02.538720 >>> requested option 121 (unknown)
00:00:02.538724 ... not found
00:00:02.538731 encoding option 1 (SubnetMask)
00:00:02.538736 encoding option 51 (LeaseTime)
00:00:02.538740 ACK xid 0xe2e17059 chaddr 08:00:27:b3:18:8f
00:00:02.538753  ciaddr 0.0.0.0 yiaddr 192.168.56.101
00:00:02.538765 encoded message: 548 bytes
00:00:02.538766 0000016a7e943bb0/0000: 02 01 06 00 59 70 e1 e2-00 00 00 00 00 00 00 00 ....Yp..........
00:00:02.538768 0000016a7e943bc0/0010: c0 a8 38 65 00 00 00 00-00 00 00 00 08 00 27 b3 ..8e..........'.
00:00:02.538770 0000016a7e943bd0/0020: 18 8f 00 00 00 00 00 00-00 00 00 00 00 00 00 00 ................
00:00:02.538772 0000016a7e943be0/0030: 00 00 00 00 00 00 00 00-00 00 00 00 00 00 00 00 ................
00:00:02.538774 0000016a7e943bf0/0040: 00 00 00 00 00 00 00 00-00 00 00 00 00 00 00 00 ................
00:00:02.538776 0000016a7e943c00/0050: 00 00 00 00 00 00 00 00-00 00 00 00 00 00 00 00 ................
00:00:02.538777 0000016a7e943c10/0060: 00 00 00 00 00 00 00 00-00 00 00 00 00 00 00 00 ................
00:00:02.538779 0000016a7e943c20/0070: 00 00 00 00 00 00 00 00-00 00 00 00 00 00 00 00 ................
00:00:02.538781 0000016a7e943c30/0080: 00 00 00 00 00 00 00 00-00 00 00 00 00 00 00 00 ................
00:00:02.538782 0000016a7e943c40/0090: 00 00 00 00 00 00 00 00-00 00 00 00 00 00 00 00 ................
00:00:02.538784 0000016a7e943c50/00a0: 00 00 00 00 00 00 00 00-00 00 00 00 00 00 00 00 ................
00:00:02.538786 0000016a7e943c60/00b0: 00 00 00 00 00 00 00 00-00 00 00 00 00 00 00 00 ................
00:00:02.538787 0000016a7e943c70/00c0: 00 00 00 00 00 00 00 00-00 00 00 00 00 00 00 00 ................
00:00:02.538789 0000016a7e943c80/00d0: 00 00 00 00 00 00 00 00-00 00 00 00 00 00 00 00 ................
00:00:02.538791 0000016a7e943c90/00e0: 00 00 00 00 00 00 00 00-00 00 00 00 63 82 53 63 ............c.Sc
00:00:02.538793 0000016a7e943ca0/00f0: 36 04 c0 a8 38 64 35 01-05 01 04 ff ff ff 00 33 6...8d5........3
00:00:02.538794 0000016a7e943cb0/0100: 04 00 00 02 58 ff 00 00-00 00 00 00 00 00 00 00 ....X...........
00:00:02.538796 0000016a7e943cc0/0110: 00 00 00 00 00 00 00 00-00 00 00 00 00 00 00 00 ................
00:00:02.538798 0000016a7e943cd0/0120: 00 00 00 00 00 00 00 00-00 00 00 00 00 00 00 00 ................
00:00:02.538800 0000016a7e943ce0/0130: 00 00 00 00 00 00 00 00-00 00 00 00 00 00 00 00 ................
00:00:02.538801 0000016a7e943cf0/0140: 00 00 00 00 00 00 00 00-00 00 00 00 00 00 00 00 ................
00:00:02.538803 0000016a7e943d00/0150: 00 00 00 00 00 00 00 00-00 00 00 00 00 00 00 00 ................
00:00:02.538805 0000016a7e943d10/0160: 00 00 00 00 00 00 00 00-00 00 00 00 00 00 00 00 ................
00:00:02.538806 0000016a7e943d20/0170: 00 00 00 00 00 00 00 00-00 00 00 00 00 00 00 00 ................
00:00:02.538808 0000016a7e943d30/0180: 00 00 00 00 00 00 00 00-00 00 00 00 00 00 00 00 ................
00:00:02.538810 0000016a7e943d40/0190: 00 00 00 00 00 00 00 00-00 00 00 00 00 00 00 00 ................
00:00:02.538811 0000016a7e943d50/01a0: 00 00 00 00 00 00 00 00-00 00 00 00 00 00 00 00 ................
00:00:02.538813 0000016a7e943d60/01b0: 00 00 00 00 00 00 00 00-00 00 00 00 00 00 00 00 ................
00:00:02.538815 0000016a7e943d70/01c0: 00 00 00 00 00 00 00 00-00 00 00 00 00 00 00 00 ................
00:00:02.538817 0000016a7e943d80/01d0: 00 00 00 00 00 00 00 00-00 00 00 00 00 00 00 00 ................
00:00:02.538818 0000016a7e943d90/01e0: 00 00 00 00 00 00 00 00-00 00 00 00 00 00 00 00 ................
00:00:02.538820 0000016a7e943da0/01f0: 00 00 00 00 00 00 00 00-00 00 00 00 00 00 00 00 ................
00:00:02.538822 0000016a7e943db0/0200: 00 00 00 00 00 00 00 00-00 00 00 00 00 00 00 00 ................
00:00:02.538823 0000016a7e943dc0/0210: 00 00 00 00 00 00 00 00-00 00 00 00 00 00 00 00 ................
00:00:02.538825 0000016a7e943dd0/0220: 00 00 00 00                                     ....
00:03:27.881764 RELEASE xid 0xe2e17059 chaddr 08:00:27:b3:18:8f
00:03:27.882066  ciaddr 192.168.56.101
00:03:27.882089  client id: ff e2 34 3f 3e 00 02 00 00 ab 11 52 12 1e 75 67 29 57 a4
00:03:27.882108 Db::releaseBinding: releasing 192.168.56.101 to [ff:e2:34:3f:3e:00:02:00:00:ab:11:52:12:1e:75:67:29:57:a4] (08:00:27:b3:18:8f), acked, valid from 2023-03-14T22:46:28Z for 600s until 2023-03-14T22:56:28Z
00:03:27.882136 writing leases to C:\Users\Aluno\.VirtualBox\HostInterfaceNetworking-VirtualBox Host-Only Ethernet Adapter-Dhcpd.leases
00:04:00.418087 DISCOVER xid 0x3faf5537 chaddr 08:00:27:b3:18:8f
00:04:00.418127  ciaddr 0.0.0.0
00:04:00.418137  client id: ff e2 34 3f 3e 00 02 00 00 ab 11 52 12 1e 75 67 29 57 a4
00:04:00.418145  params { 1 3 6 12 15 26 33 42 119 120 121 }
00:04:00.418192   12: 'pcaluno'
00:04:00.418197   57: 02 40
00:04:00.418203 > allocateAddress to client [ff:e2:34:3f:3e:00:02:00:00:ab:11:52:12:1e:75:67:29:57:a4] (08:00:27:b3:18:8f)
00:04:00.418213 > ... found existing binding 192.168.56.101 to [ff:e2:34:3f:3e:00:02:00:00:ab:11:52:12:1e:75:67:29:57:a4] (08:00:27:b3:18:8f), released, valid from 2023-03-14T22:46:28Z for 600s until 2023-03-14T22:56:28Z
00:04:00.418226 Lease time 600 secs (default)
00:04:00.418238 >>> requested option 1 (SubnetMask)
00:04:00.418243 ... always supplied
00:04:00.418247 >>> requested option 3 (Routers)
00:04:00.418251 ... not found
00:04:00.418254 >>> requested option 6 (DNSes)
00:04:00.418258 ... not found
00:04:00.418263 >>> requested option 12 (HostName)
00:04:00.418273 ... not found
00:04:00.418281 >>> requested option 15 (DomainName)
00:04:00.418292 ... not found
00:04:00.418297 >>> requested option 26 (InterfaceMTU)
00:04:00.418302 ... not found
00:04:00.418306 >>> requested option 33 (StaticRoute)
00:04:00.418310 ... not found
00:04:00.418313 >>> requested option 42 (NTPServers)
00:04:00.418317 ... not found
00:04:00.418321 >>> requested option 119 (DomainSearch)
00:04:00.418326 ... not found
00:04:00.418329 >>> requested option 120 (unknown)
00:04:00.418333 ... not found
00:04:00.418337 >>> requested option 121 (unknown)
00:04:00.418341 ... not found
00:04:00.418350 encoding option 1 (SubnetMask)
00:04:00.418355 encoding option 51 (LeaseTime)
00:04:00.418361 OFFER xid 0x3faf5537 chaddr 08:00:27:b3:18:8f
00:04:00.418373  ciaddr 0.0.0.0 yiaddr 192.168.56.101
00:04:00.418385 encoded message: 548 bytes
00:04:00.418387 0000016a7e9423a0/0000: 02 01 06 00 37 55 af 3f-00 00 00 00 00 00 00 00 ....7U.?........
00:04:00.418389 0000016a7e9423b0/0010: c0 a8 38 65 00 00 00 00-00 00 00 00 08 00 27 b3 ..8e..........'.
00:04:00.418391 0000016a7e9423c0/0020: 18 8f 00 00 00 00 00 00-00 00 00 00 00 00 00 00 ................
00:04:00.418393 0000016a7e9423d0/0030: 00 00 00 00 00 00 00 00-00 00 00 00 00 00 00 00 ................
00:04:00.418395 0000016a7e9423e0/0040: 00 00 00 00 00 00 00 00-00 00 00 00 00 00 00 00 ................
00:04:00.418396 0000016a7e9423f0/0050: 00 00 00 00 00 00 00 00-00 00 00 00 00 00 00 00 ................
00:04:00.418398 0000016a7e942400/0060: 00 00 00 00 00 00 00 00-00 00 00 00 00 00 00 00 ................
00:04:00.418400 0000016a7e942410/0070: 00 00 00 00 00 00 00 00-00 00 00 00 00 00 00 00 ................
00:04:00.418402 0000016a7e942420/0080: 00 00 00 00 00 00 00 00-00 00 00 00 00 00 00 00 ................
00:04:00.418403 0000016a7e942430/0090: 00 00 00 00 00 00 00 00-00 00 00 00 00 00 00 00 ................
00:04:00.418405 0000016a7e942440/00a0: 00 00 00 00 00 00 00 00-00 00 00 00 00 00 00 00 ................
00:04:00.418407 0000016a7e942450/00b0: 00 00 00 00 00 00 00 00-00 00 00 00 00 00 00 00 ................
00:04:00.418409 0000016a7e942460/00c0: 00 00 00 00 00 00 00 00-00 00 00 00 00 00 00 00 ................
00:04:00.418410 0000016a7e942470/00d0: 00 00 00 00 00 00 00 00-00 00 00 00 00 00 00 00 ................
00:04:00.418412 0000016a7e942480/00e0: 00 00 00 00 00 00 00 00-00 00 00 00 63 82 53 63 ............c.Sc
00:04:00.418414 0000016a7e942490/00f0: 36 04 c0 a8 38 64 35 01-02 01 04 ff ff ff 00 33 6...8d5........3
00:04:00.418416 0000016a7e9424a0/0100: 04 00 00 02 58 ff 00 00-00 00 00 00 00 00 00 00 ....X...........
00:04:00.418418 0000016a7e9424b0/0110: 00 00 00 00 00 00 00 00-00 00 00 00 00 00 00 00 ................
00:04:00.418420 0000016a7e9424c0/0120: 00 00 00 00 00 00 00 00-00 00 00 00 00 00 00 00 ................
00:04:00.418421 0000016a7e9424d0/0130: 00 00 00 00 00 00 00 00-00 00 00 00 00 00 00 00 ................
00:04:00.418423 0000016a7e9424e0/0140: 00 00 00 00 00 00 00 00-00 00 00 00 00 00 00 00 ................
00:04:00.418425 0000016a7e9424f0/0150: 00 00 00 00 00 00 00 00-00 00 00 00 00 00 00 00 ................
00:04:00.418427 0000016a7e942500/0160: 00 00 00 00 00 00 00 00-00 00 00 00 00 00 00 00 ................
00:04:00.418428 0000016a7e942510/0170: 00 00 00 00 00 00 00 00-00 00 00 00 00 00 00 00 ................
00:04:00.418430 0000016a7e942520/0180: 00 00 00 00 00 00 00 00-00 00 00 00 00 00 00 00 ................
00:04:00.418432 0000016a7e942530/0190: 00 00 00 00 00 00 00 00-00 00 00 00 00 00 00 00 ................
00:04:00.418434 0000016a7e942540/01a0: 00 00 00 00 00 00 00 00-00 00 00 00 00 00 00 00 ................
00:04:00.418435 0000016a7e942550/01b0: 00 00 00 00 00 00 00 00-00 00 00 00 00 00 00 00 ................
00:04:00.418437 0000016a7e942560/01c0: 00 00 00 00 00 00 00 00-00 00 00 00 00 00 00 00 ................
00:04:00.418439 0000016a7e942570/01d0: 00 00 00 00 00 00 00 00-00 00 00 00 00 00 00 00 ................
00:04:00.418441 0000016a7e942580/01e0: 00 00 00 00 00 00 00 00-00 00 00 00 00 00 00 00 ................
00:04:00.418443 0000016a7e942590/01f0: 00 00 00 00 00 00 00 00-00 00 00 00 00 00 00 00 ................
00:04:00.418446 0000016a7e9425a0/0200: 00 00 00 00 00 00 00 00-00 00 00 00 00 00 00 00 ................
00:04:00.418450 0000016a7e9425b0/0210: 00 00 00 00 00 00 00 00-00 00 00 00 00 00 00 00 ................
00:04:00.418454 0000016a7e9425c0/0220: 00 00 00 00                                     ....
00:04:00.469891 REQUEST xid 0x3faf5537 chaddr 08:00:27:b3:18:8f
00:04:00.469932  ciaddr 0.0.0.0
00:04:00.469941  for server 192.168.56.100 client id: ff e2 34 3f 3e 00 02 00 00 ab 11 52 12 1e 75 67 29 57 a4
00:04:00.469953  requested address 192.168.56.101
00:04:00.469962  params { 1 3 6 12 15 26 33 42 119 120 121 }
00:04:00.470025   12: 'pcaluno'
00:04:00.470030   54: c0 a8 38 64
00:04:00.470035   57: 02 40
00:04:00.470040 > allocateAddress 192.168.56.101 to client [ff:e2:34:3f:3e:00:02:00:00:ab:11:52:12:1e:75:67:29:57:a4] (08:00:27:b3:18:8f)
00:04:00.470049 > ... found existing binding 192.168.56.101 to [ff:e2:34:3f:3e:00:02:00:00:ab:11:52:12:1e:75:67:29:57:a4] (08:00:27:b3:18:8f), offered, valid from 2023-03-14T22:50:26Z for 600s until 2023-03-14T23:00:26Z
00:04:00.470061 Lease time 600 secs (default)
00:04:00.470066 writing leases to C:\Users\Aluno\.VirtualBox\HostInterfaceNetworking-VirtualBox Host-Only Ethernet Adapter-Dhcpd.leases
00:04:00.473999 >>> requested option 1 (SubnetMask)
00:04:00.474019 ... always supplied
00:04:00.474027 >>> requested option 3 (Routers)
00:04:00.474034 ... not found
00:04:00.474041 >>> requested option 6 (DNSes)
00:04:00.474049 ... not found
00:04:00.474060 >>> requested option 12 (HostName)
00:04:00.474071 ... not found
00:04:00.474078 >>> requested option 15 (DomainName)
00:04:00.474085 ... not found
00:04:00.474091 >>> requested option 26 (InterfaceMTU)
00:04:00.474099 ... not found
00:04:00.474115 >>> requested option 33 (StaticRoute)
00:04:00.474123 ... not found
00:04:00.474139 >>> requested option 42 (NTPServers)
00:04:00.474146 ... not found
00:04:00.474152 >>> requested option 119 (DomainSearch)
00:04:00.474160 ... not found
00:04:00.474167 >>> requested option 120 (unknown)
00:04:00.474173 ... not found
00:04:00.474180 >>> requested option 121 (unknown)
00:04:00.474187 ... not found
00:04:00.474198 encoding option 1 (SubnetMask)
00:04:00.474206 encoding option 51 (LeaseTime)
00:04:00.474225 ACK xid 0x3faf5537 chaddr 08:00:27:b3:18:8f
00:04:00.474257  ciaddr 0.0.0.0 yiaddr 192.168.56.101
00:04:00.474277 encoded message: 548 bytes
00:04:00.474279 0000016a7e9425d0/0000: 02 01 06 00 37 55 af 3f-00 00 00 00 00 00 00 00 ....7U.?........
00:04:00.474284 0000016a7e9425e0/0010: c0 a8 38 65 00 00 00 00-00 00 00 00 08 00 27 b3 ..8e..........'.
00:04:00.474298 0000016a7e9425f0/0020: 18 8f 00 00 00 00 00 00-00 00 00 00 00 00 00 00 ................
00:04:00.474302 0000016a7e942600/0030: 00 00 00 00 00 00 00 00-00 00 00 00 00 00 00 00 ................
00:04:00.474306 0000016a7e942610/0040: 00 00 00 00 00 00 00 00-00 00 00 00 00 00 00 00 ................
00:04:00.474310 0000016a7e942620/0050: 00 00 00 00 00 00 00 00-00 00 00 00 00 00 00 00 ................
00:04:00.474314 0000016a7e942630/0060: 00 00 00 00 00 00 00 00-00 00 00 00 00 00 00 00 ................
00:04:00.474318 0000016a7e942640/0070: 00 00 00 00 00 00 00 00-00 00 00 00 00 00 00 00 ................
00:04:00.474322 0000016a7e942650/0080: 00 00 00 00 00 00 00 00-00 00 00 00 00 00 00 00 ................
00:04:00.474335 0000016a7e942660/0090: 00 00 00 00 00 00 00 00-00 00 00 00 00 00 00 00 ................
00:04:00.474339 0000016a7e942670/00a0: 00 00 00 00 00 00 00 00-00 00 00 00 00 00 00 00 ................
00:04:00.474343 0000016a7e942680/00b0: 00 00 00 00 00 00 00 00-00 00 00 00 00 00 00 00 ................
00:04:00.474346 0000016a7e942690/00c0: 00 00 00 00 00 00 00 00-00 00 00 00 00 00 00 00 ................
00:04:00.474350 0000016a7e9426a0/00d0: 00 00 00 00 00 00 00 00-00 00 00 00 00 00 00 00 ................
00:04:00.474354 0000016a7e9426b0/00e0: 00 00 00 00 00 00 00 00-00 00 00 00 63 82 53 63 ............c.Sc
00:04:00.474358 0000016a7e9426c0/00f0: 36 04 c0 a8 38 64 35 01-05 01 04 ff ff ff 00 33 6...8d5........3
00:04:00.474371 0000016a7e9426d0/0100: 04 00 00 02 58 ff 00 00-00 00 00 00 00 00 00 00 ....X...........
00:04:00.474375 0000016a7e9426e0/0110: 00 00 00 00 00 00 00 00-00 00 00 00 00 00 00 00 ................
00:04:00.474379 0000016a7e9426f0/0120: 00 00 00 00 00 00 00 00-00 00 00 00 00 00 00 00 ................
00:04:00.474382 0000016a7e942700/0130: 00 00 00 00 00 00 00 00-00 00 00 00 00 00 00 00 ................
00:04:00.474396 0000016a7e942710/0140: 00 00 00 00 00 00 00 00-00 00 00 00 00 00 00 00 ................
00:04:00.474399 0000016a7e942720/0150: 00 00 00 00 00 00 00 00-00 00 00 00 00 00 00 00 ................
00:04:00.474403 0000016a7e942730/0160: 00 00 00 00 00 00 00 00-00 00 00 00 00 00 00 00 ................
00:04:00.474406 0000016a7e942740/0170: 00 00 00 00 00 00 00 00-00 00 00 00 00 00 00 00 ................
00:04:00.474419 0000016a7e942750/0180: 00 00 00 00 00 00 00 00-00 00 00 00 00 00 00 00 ................
00:04:00.474422 0000016a7e942760/0190: 00 00 00 00 00 00 00 00-00 00 00 00 00 00 00 00 ................
00:04:00.474435 0000016a7e942770/01a0: 00 00 00 00 00 00 00 00-00 00 00 00 00 00 00 00 ................
00:04:00.474439 0000016a7e942780/01b0: 00 00 00 00 00 00 00 00-00 00 00 00 00 00 00 00 ................
00:04:00.474442 0000016a7e942790/01c0: 00 00 00 00 00 00 00 00-00 00 00 00 00 00 00 00 ................
00:04:00.474446 0000016a7e9427a0/01d0: 00 00 00 00 00 00 00 00-00 00 00 00 00 00 00 00 ................
00:04:00.474450 0000016a7e9427b0/01e0: 00 00 00 00 00 00 00 00-00 00 00 00 00 00 00 00 ................
00:04:00.474453 0000016a7e9427c0/01f0: 00 00 00 00 00 00 00 00-00 00 00 00 00 00 00 00 ................
00:04:00.474457 0000016a7e9427d0/0200: 00 00 00 00 00 00 00 00-00 00 00 00 00 00 00 00 ................
00:04:00.474461 0000016a7e9427e0/0210: 00 00 00 00 00 00 00 00-00 00 00 00 00 00 00 00 ................
00:04:00.474465 0000016a7e9427f0/0220: 00 00 00 00                                     ....
00:08:59.618543 REQUEST xid 0x3faf5537 chaddr 08:00:27:b3:18:8f
00:08:59.618595  ciaddr 192.168.56.101
00:08:59.618605  client id: ff e2 34 3f 3e 00 02 00 00 ab 11 52 12 1e 75 67 29 57 a4
00:08:59.618612  params { 1 3 6 12 15 26 33 42 119 120 121 }
00:08:59.618657   12: 'pcaluno'
00:08:59.618662   57: 02 40
00:08:59.618667 > allocateAddress to client [ff:e2:34:3f:3e:00:02:00:00:ab:11:52:12:1e:75:67:29:57:a4] (08:00:27:b3:18:8f)
00:08:59.618677 > ... found existing binding 192.168.56.101 to [ff:e2:34:3f:3e:00:02:00:00:ab:11:52:12:1e:75:67:29:57:a4] (08:00:27:b3:18:8f), acked, valid from 2023-03-14T22:50:26Z for 600s until 2023-03-14T23:00:26Z
00:08:59.618689 Lease time 600 secs (default)
00:08:59.618696 writing leases to C:\Users\Aluno\.VirtualBox\HostInterfaceNetworking-VirtualBox Host-Only Ethernet Adapter-Dhcpd.leases
00:08:59.622480 >>> requested option 1 (SubnetMask)
00:08:59.622499 ... always supplied
00:08:59.622505 >>> requested option 3 (Routers)
00:08:59.622510 ... not found
00:08:59.622514 >>> requested option 6 (DNSes)
00:08:59.622518 ... not found
00:08:59.622522 >>> requested option 12 (HostName)
00:08:59.622526 ... not found
00:08:59.622530 >>> requested option 15 (DomainName)
00:08:59.622534 ... not found
00:08:59.622538 >>> requested option 26 (InterfaceMTU)
00:08:59.622542 ... not found
00:08:59.622546 >>> requested option 33 (StaticRoute)
00:08:59.622550 ... not found
00:08:59.622554 >>> requested option 42 (NTPServers)
00:08:59.622558 ... not found
00:08:59.622562 >>> requested option 119 (DomainSearch)
00:08:59.622566 ... not found
00:08:59.622570 >>> requested option 120 (unknown)
00:08:59.622574 ... not found
00:08:59.622578 >>> requested option 121 (unknown)
00:08:59.622582 ... not found
00:08:59.622590 encoding option 1 (SubnetMask)
00:08:59.622595 encoding option 51 (LeaseTime)
00:08:59.622601 ACK xid 0x3faf5537 chaddr 08:00:27:b3:18:8f
00:08:59.622615  ciaddr 192.168.56.101 yiaddr 192.168.56.101
00:08:59.622627 encoded message: 548 bytes
00:08:59.622629 0000016a7e942a30/0000: 02 01 06 00 37 55 af 3f-00 00 00 00 c0 a8 38 65 ....7U.?......8e
00:08:59.622632 0000016a7e942a40/0010: c0 a8 38 65 00 00 00 00-00 00 00 00 08 00 27 b3 ..8e..........'.
00:08:59.622634 0000016a7e942a50/0020: 18 8f 00 00 00 00 00 00-00 00 00 00 00 00 00 00 ................
00:08:59.622636 0000016a7e942a60/0030: 00 00 00 00 00 00 00 00-00 00 00 00 00 00 00 00 ................
00:08:59.622637 0000016a7e942a70/0040: 00 00 00 00 00 00 00 00-00 00 00 00 00 00 00 00 ................
00:08:59.622639 0000016a7e942a80/0050: 00 00 00 00 00 00 00 00-00 00 00 00 00 00 00 00 ................
00:08:59.622641 0000016a7e942a90/0060: 00 00 00 00 00 00 00 00-00 00 00 00 00 00 00 00 ................
00:08:59.622643 0000016a7e942aa0/0070: 00 00 00 00 00 00 00 00-00 00 00 00 00 00 00 00 ................
00:08:59.622644 0000016a7e942ab0/0080: 00 00 00 00 00 00 00 00-00 00 00 00 00 00 00 00 ................
00:08:59.622646 0000016a7e942ac0/0090: 00 00 00 00 00 00 00 00-00 00 00 00 00 00 00 00 ................
00:08:59.622648 0000016a7e942ad0/00a0: 00 00 00 00 00 00 00 00-00 00 00 00 00 00 00 00 ................
00:08:59.622650 0000016a7e942ae0/00b0: 00 00 00 00 00 00 00 00-00 00 00 00 00 00 00 00 ................
00:08:59.622651 0000016a7e942af0/00c0: 00 00 00 00 00 00 00 00-00 00 00 00 00 00 00 00 ................
00:08:59.622653 0000016a7e942b00/00d0: 00 00 00 00 00 00 00 00-00 00 00 00 00 00 00 00 ................
00:08:59.622655 0000016a7e942b10/00e0: 00 00 00 00 00 00 00 00-00 00 00 00 63 82 53 63 ............c.Sc
00:08:59.622657 0000016a7e942b20/00f0: 36 04 c0 a8 38 64 35 01-05 01 04 ff ff ff 00 33 6...8d5........3
00:08:59.622658 0000016a7e942b30/0100: 04 00 00 02 58 ff 00 00-00 00 00 00 00 00 00 00 ....X...........
00:08:59.622660 0000016a7e942b40/0110: 00 00 00 00 00 00 00 00-00 00 00 00 00 00 00 00 ................
00:08:59.622662 0000016a7e942b50/0120: 00 00 00 00 00 00 00 00-00 00 00 00 00 00 00 00 ................
00:08:59.622664 0000016a7e942b60/0130: 00 00 00 00 00 00 00 00-00 00 00 00 00 00 00 00 ................
00:08:59.622666 0000016a7e942b70/0140: 00 00 00 00 00 00 00 00-00 00 00 00 00 00 00 00 ................
00:08:59.622668 0000016a7e942b80/0150: 00 00 00 00 00 00 00 00-00 00 00 00 00 00 00 00 ................
00:08:59.622669 0000016a7e942b90/0160: 00 00 00 00 00 00 00 00-00 00 00 00 00 00 00 00 ................
00:08:59.622671 0000016a7e942ba0/0170: 00 00 00 00 00 00 00 00-00 00 00 00 00 00 00 00 ................
00:08:59.622673 0000016a7e942bb0/0180: 00 00 00 00 00 00 00 00-00 00 00 00 00 00 00 00 ................
00:08:59.622675 0000016a7e942bc0/0190: 00 00 00 00 00 00 00 00-00 00 00 00 00 00 00 00 ................
00:08:59.622676 0000016a7e942bd0/01a0: 00 00 00 00 00 00 00 00-00 00 00 00 00 00 00 00 ................
00:08:59.622678 0000016a7e942be0/01b0: 00 00 00 00 00 00 00 00-00 00 00 00 00 00 00 00 ................
00:08:59.622680 0000016a7e942bf0/01c0: 00 00 00 00 00 00 00 00-00 00 00 00 00 00 00 00 ................
00:08:59.622682 0000016a7e942c00/01d0: 00 00 00 00 00 00 00 00-00 00 00 00 00 00 00 00 ................
00:08:59.622683 0000016a7e942c10/01e0: 00 00 00 00 00 00 00 00-00 00 00 00 00 00 00 00 ................
00:08:59.622685 0000016a7e942c20/01f0: 00 00 00 00 00 00 00 00-00 00 00 00 00 00 00 00 ................
00:08:59.622687 0000016a7e942c30/0200: 00 00 00 00 00 00 00 00-00 00 00 00 00 00 00 00 ................
00:08:59.622689 0000016a7e942c40/0210: 00 00 00 00 00 00 00 00-00 00 00 00 00 00 00 00 ................
00:08:59.622690 0000016a7e942c50/0220: 00 00 00 00                                     ....
00:13:59.958900 REQUEST xid 0x3faf5537 chaddr 08:00:27:b3:18:8f
00:13:59.985281  ciaddr 192.168.56.101
00:13:59.985297  client id: ff e2 34 3f 3e 00 02 00 00 ab 11 52 12 1e 75 67 29 57 a4
00:13:59.985305  params { 1 3 6 12 15 26 33 42 119 120 121 }
00:13:59.985353   12: 'pcaluno'
00:13:59.985358   57: 02 40
00:13:59.985364 > allocateAddress to client [ff:e2:34:3f:3e:00:02:00:00:ab:11:52:12:1e:75:67:29:57:a4] (08:00:27:b3:18:8f)
00:13:59.985375 > ... found existing binding 192.168.56.101 to [ff:e2:34:3f:3e:00:02:00:00:ab:11:52:12:1e:75:67:29:57:a4] (08:00:27:b3:18:8f), acked, valid from 2023-03-14T22:55:25Z for 600s until 2023-03-14T23:05:25Z
00:13:59.985388 Lease time 600 secs (default)
00:13:59.985395 writing leases to C:\Users\Aluno\.VirtualBox\HostInterfaceNetworking-VirtualBox Host-Only Ethernet Adapter-Dhcpd.leases
00:14:00.227034 >>> requested option 1 (SubnetMask)
00:14:00.227051 ... always supplied
00:14:00.227056 >>> requested option 3 (Routers)
00:14:00.227061 ... not found
00:14:00.227065 >>> requested option 6 (DNSes)
00:14:00.227070 ... not found
00:14:00.227073 >>> requested option 12 (HostName)
00:14:00.227078 ... not found
00:14:00.227082 >>> requested option 15 (DomainName)
00:14:00.227086 ... not found
00:14:00.227090 >>> requested option 26 (InterfaceMTU)
00:14:00.227094 ... not found
00:14:00.227098 >>> requested option 33 (StaticRoute)
00:14:00.227102 ... not found
00:14:00.227106 >>> requested option 42 (NTPServers)
00:14:00.227110 ... not found
00:14:00.227114 >>> requested option 119 (DomainSearch)
00:14:00.227118 ... not found
00:14:00.227122 >>> requested option 120 (unknown)
00:14:00.227126 ... not found
00:14:00.227130 >>> requested option 121 (unknown)
00:14:00.227133 ... not found
00:14:00.227142 encoding option 1 (SubnetMask)
00:14:00.227147 encoding option 51 (LeaseTime)
00:14:00.273181 ACK xid 0x3faf5537 chaddr 08:00:27:b3:18:8f
00:14:00.273302  ciaddr 192.168.56.101 yiaddr 192.168.56.101
00:14:00.273450 encoded message: 548 bytes
00:14:00.273452 0000016a7e942e90/0000: 02 01 06 00 37 55 af 3f-00 00 00 00 c0 a8 38 65 ....7U.?......8e
00:14:00.273490 0000016a7e942ea0/0010: c0 a8 38 65 00 00 00 00-00 00 00 00 08 00 27 b3 ..8e..........'.
00:14:00.273492 0000016a7e942eb0/0020: 18 8f 00 00 00 00 00 00-00 00 00 00 00 00 00 00 ................
00:14:00.273493 0000016a7e942ec0/0030: 00 00 00 00 00 00 00 00-00 00 00 00 00 00 00 00 ................
00:14:00.273495 0000016a7e942ed0/0040: 00 00 00 00 00 00 00 00-00 00 00 00 00 00 00 00 ................
00:14:00.273497 0000016a7e942ee0/0050: 00 00 00 00 00 00 00 00-00 00 00 00 00 00 00 00 ................
00:14:00.273498 0000016a7e942ef0/0060: 00 00 00 00 00 00 00 00-00 00 00 00 00 00 00 00 ................
00:14:00.273500 0000016a7e942f00/0070: 00 00 00 00 00 00 00 00-00 00 00 00 00 00 00 00 ................
00:14:00.273502 0000016a7e942f10/0080: 00 00 00 00 00 00 00 00-00 00 00 00 00 00 00 00 ................
00:14:00.273503 0000016a7e942f20/0090: 00 00 00 00 00 00 00 00-00 00 00 00 00 00 00 00 ................
00:14:00.273505 0000016a7e942f30/00a0: 00 00 00 00 00 00 00 00-00 00 00 00 00 00 00 00 ................
00:14:00.273507 0000016a7e942f40/00b0: 00 00 00 00 00 00 00 00-00 00 00 00 00 00 00 00 ................
00:14:00.273508 0000016a7e942f50/00c0: 00 00 00 00 00 00 00 00-00 00 00 00 00 00 00 00 ................
00:14:00.273510 0000016a7e942f60/00d0: 00 00 00 00 00 00 00 00-00 00 00 00 00 00 00 00 ................
00:14:00.273512 0000016a7e942f70/00e0: 00 00 00 00 00 00 00 00-00 00 00 00 63 82 53 63 ............c.Sc
00:14:00.273513 0000016a7e942f80/00f0: 36 04 c0 a8 38 64 35 01-05 01 04 ff ff ff 00 33 6...8d5........3
00:14:00.273515 0000016a7e942f90/0100: 04 00 00 02 58 ff 00 00-00 00 00 00 00 00 00 00 ....X...........
00:14:00.273517 0000016a7e942fa0/0110: 00 00 00 00 00 00 00 00-00 00 00 00 00 00 00 00 ................
00:14:00.273519 0000016a7e942fb0/0120: 00 00 00 00 00 00 00 00-00 00 00 00 00 00 00 00 ................
00:14:00.273520 0000016a7e942fc0/0130: 00 00 00 00 00 00 00 00-00 00 00 00 00 00 00 00 ................
00:14:00.273522 0000016a7e942fd0/0140: 00 00 00 00 00 00 00 00-00 00 00 00 00 00 00 00 ................
00:14:00.273524 0000016a7e942fe0/0150: 00 00 00 00 00 00 00 00-00 00 00 00 00 00 00 00 ................
00:14:00.273525 0000016a7e942ff0/0160: 00 00 00 00 00 00 00 00-00 00 00 00 00 00 00 00 ................
00:14:00.273527 0000016a7e943000/0170: 00 00 00 00 00 00 00 00-00 00 00 00 00 00 00 00 ................
00:14:00.273529 0000016a7e943010/0180: 00 00 00 00 00 00 00 00-00 00 00 00 00 00 00 00 ................
00:14:00.273530 0000016a7e943020/0190: 00 00 00 00 00 00 00 00-00 00 00 00 00 00 00 00 ................
00:14:00.273532 0000016a7e943030/01a0: 00 00 00 00 00 00 00 00-00 00 00 00 00 00 00 00 ................
00:14:00.273534 0000016a7e943040/01b0: 00 00 00 00 00 00 00 00-00 00 00 00 00 00 00 00 ................
00:14:00.273535 0000016a7e943050/01c0: 00 00 00 00 00 00 00 00-00 00 00 00 00 00 00 00 ................
00:14:00.273537 0000016a7e943060/01d0: 00 00 00 00 00 00 00 00-00 00 00 00 00 00 00 00 ................
00:14:00.273539 0000016a7e943070/01e0: 00 00 00 00 00 00 00 00-00 00 00 00 00 00 00 00 ................
00:14:00.273540 0000016a7e943080/01f0: 00 00 00 00 00 00 00 00-00 00 00 00 00 00 00 00 ................
00:14:00.273542 0000016a7e943090/0200: 00 00 00 00 00 00 00 00-00 00 00 00 00 00 00 00 ................
00:14:00.273567 0000016a7e9430a0/0210: 00 00 00 00 00 00 00 00-00 00 00 00 00 00 00 00 ................
00:14:00.273568 0000016a7e9430b0/0220: 00 00 00 00                                     ....
00:18:59.327807 REQUEST xid 0x3faf5537 chaddr 08:00:27:b3:18:8f
00:18:59.327853  ciaddr 192.168.56.101
00:18:59.327863  client id: ff e2 34 3f 3e 00 02 00 00 ab 11 52 12 1e 75 67 29 57 a4
00:18:59.327871  params { 1 3 6 12 15 26 33 42 119 120 121 }
00:18:59.327915   12: 'pcaluno'
00:18:59.327920   57: 02 40
00:18:59.327925 > allocateAddress to client [ff:e2:34:3f:3e:00:02:00:00:ab:11:52:12:1e:75:67:29:57:a4] (08:00:27:b3:18:8f)
00:18:59.327941 > ... found existing binding 192.168.56.101 to [ff:e2:34:3f:3e:00:02:00:00:ab:11:52:12:1e:75:67:29:57:a4] (08:00:27:b3:18:8f), acked, valid from 2023-03-14T23:00:25Z for 600s until 2023-03-14T23:10:25Z
00:18:59.327956 Lease time 600 secs (default)
00:18:59.327963 writing leases to C:\Users\Aluno\.VirtualBox\HostInterfaceNetworking-VirtualBox Host-Only Ethernet Adapter-Dhcpd.leases
00:19:00.368311 >>> requested option 1 (SubnetMask)
00:19:00.368328 ... always supplied
00:19:00.368333 >>> requested option 3 (Routers)
00:19:00.368338 ... not found
00:19:00.368342 >>> requested option 6 (DNSes)
00:19:00.368346 ... not found
00:19:00.368350 >>> requested option 12 (HostName)
00:19:00.368354 ... not found
00:19:00.368358 >>> requested option 15 (DomainName)
00:19:00.368362 ... not found
00:19:00.368366 >>> requested option 26 (InterfaceMTU)
00:19:00.368370 ... not found
00:19:00.368375 >>> requested option 33 (StaticRoute)
00:19:00.368379 ... not found
00:19:00.368383 >>> requested option 42 (NTPServers)
00:19:00.368386 ... not found
00:19:00.368390 >>> requested option 119 (DomainSearch)
00:19:00.368395 ... not found
00:19:00.368398 >>> requested option 120 (unknown)
00:19:00.368402 ... not found
00:19:00.368406 >>> requested option 121 (unknown)
00:19:00.368410 ... not found
00:19:00.368418 encoding option 1 (SubnetMask)
00:19:00.368423 encoding option 51 (LeaseTime)
00:19:00.368429 ACK xid 0x3faf5537 chaddr 08:00:27:b3:18:8f
00:19:00.368443  ciaddr 192.168.56.101 yiaddr 192.168.56.101
00:19:00.368456 encoded message: 548 bytes
00:19:00.368457 0000016a7e942e90/0000: 02 01 06 00 37 55 af 3f-00 00 00 00 c0 a8 38 65 ....7U.?......8e
00:19:00.368460 0000016a7e942ea0/0010: c0 a8 38 65 00 00 00 00-00 00 00 00 08 00 27 b3 ..8e..........'.
00:19:00.368462 0000016a7e942eb0/0020: 18 8f 00 00 00 00 00 00-00 00 00 00 00 00 00 00 ................
00:19:00.368464 0000016a7e942ec0/0030: 00 00 00 00 00 00 00 00-00 00 00 00 00 00 00 00 ................
00:19:00.368466 0000016a7e942ed0/0040: 00 00 00 00 00 00 00 00-00 00 00 00 00 00 00 00 ................
00:19:00.368467 0000016a7e942ee0/0050: 00 00 00 00 00 00 00 00-00 00 00 00 00 00 00 00 ................
00:19:00.368469 0000016a7e942ef0/0060: 00 00 00 00 00 00 00 00-00 00 00 00 00 00 00 00 ................
00:19:00.368471 0000016a7e942f00/0070: 00 00 00 00 00 00 00 00-00 00 00 00 00 00 00 00 ................
00:19:00.368473 0000016a7e942f10/0080: 00 00 00 00 00 00 00 00-00 00 00 00 00 00 00 00 ................
00:19:00.368474 0000016a7e942f20/0090: 00 00 00 00 00 00 00 00-00 00 00 00 00 00 00 00 ................
00:19:00.368476 0000016a7e942f30/00a0: 00 00 00 00 00 00 00 00-00 00 00 00 00 00 00 00 ................
00:19:00.368478 0000016a7e942f40/00b0: 00 00 00 00 00 00 00 00-00 00 00 00 00 00 00 00 ................
00:19:00.368480 0000016a7e942f50/00c0: 00 00 00 00 00 00 00 00-00 00 00 00 00 00 00 00 ................
00:19:00.368481 0000016a7e942f60/00d0: 00 00 00 00 00 00 00 00-00 00 00 00 00 00 00 00 ................
00:19:00.368483 0000016a7e942f70/00e0: 00 00 00 00 00 00 00 00-00 00 00 00 63 82 53 63 ............c.Sc
00:19:00.368485 0000016a7e942f80/00f0: 36 04 c0 a8 38 64 35 01-05 01 04 ff ff ff 00 33 6...8d5........3
00:19:00.368487 0000016a7e942f90/0100: 04 00 00 02 58 ff 00 00-00 00 00 00 00 00 00 00 ....X...........
00:19:00.368489 0000016a7e942fa0/0110: 00 00 00 00 00 00 00 00-00 00 00 00 00 00 00 00 ................
00:19:00.368491 0000016a7e942fb0/0120: 00 00 00 00 00 00 00 00-00 00 00 00 00 00 00 00 ................
00:19:00.368492 0000016a7e942fc0/0130: 00 00 00 00 00 00 00 00-00 00 00 00 00 00 00 00 ................
00:19:00.368494 0000016a7e942fd0/0140: 00 00 00 00 00 00 00 00-00 00 00 00 00 00 00 00 ................
00:19:00.368496 0000016a7e942fe0/0150: 00 00 00 00 00 00 00 00-00 00 00 00 00 00 00 00 ................
00:19:00.368498 0000016a7e942ff0/0160: 00 00 00 00 00 00 00 00-00 00 00 00 00 00 00 00 ................
00:19:00.368499 0000016a7e943000/0170: 00 00 00 00 00 00 00 00-00 00 00 00 00 00 00 00 ................
00:19:00.368501 0000016a7e943010/0180: 00 00 00 00 00 00 00 00-00 00 00 00 00 00 00 00 ................
00:19:00.368503 0000016a7e943020/0190: 00 00 00 00 00 00 00 00-00 00 00 00 00 00 00 00 ................
00:19:00.368505 0000016a7e943030/01a0: 00 00 00 00 00 00 00 00-00 00 00 00 00 00 00 00 ................
00:19:00.368506 0000016a7e943040/01b0: 00 00 00 00 00 00 00 00-00 00 00 00 00 00 00 00 ................
00:19:00.368508 0000016a7e943050/01c0: 00 00 00 00 00 00 00 00-00 00 00 00 00 00 00 00 ................
00:19:00.368510 0000016a7e943060/01d0: 00 00 00 00 00 00 00 00-00 00 00 00 00 00 00 00 ................
00:19:00.368512 0000016a7e943070/01e0: 00 00 00 00 00 00 00 00-00 00 00 00 00 00 00 00 ................
00:19:00.368513 0000016a7e943080/01f0: 00 00 00 00 00 00 00 00-00 00 00 00 00 00 00 00 ................
00:19:00.368515 0000016a7e943090/0200: 00 00 00 00 00 00 00 00-00 00 00 00 00 00 00 00 ................
00:19:00.368517 0000016a7e9430a0/0210: 00 00 00 00 00 00 00 00-00 00 00 00 00 00 00 00 ................
00:19:00.368519 0000016a7e9430b0/0220: 00 00 00 00                                     ....
